[debug] [2022-01-13T17:25:36.124Z] ----------------------------------------------------------------------
[debug] [2022-01-13T17:25:36.126Z] Command:       C:\Program Files\nodejs\node.exe C:\Users\maxim_gmo\AppData\Roaming\npm\node_modules\firebase-tools\lib\bin\firebase.js init
[debug] [2022-01-13T17:25:36.126Z] CLI Version:   10.0.1
[debug] [2022-01-13T17:25:36.126Z] Platform:      win32
[debug] [2022-01-13T17:25:36.127Z] Node Version:  v16.13.1
[debug] [2022-01-13T17:25:36.127Z] Time:          Thu Jan 13 2022 20:25:36 GMT+0300 (Москва, стандартное время)
[debug] [2022-01-13T17:25:36.128Z] ----------------------------------------------------------------------
[debug] 
[debug] [2022-01-13T17:25:36.130Z] >>> [apiv2][query] GET https://firebase-public.firebaseio.com/cli.json [none]
[debug] [2022-01-13T17:25:36.149Z] > command requires scopes: ["email","openid","https://www.googleapis.com/auth/cloudplatformprojects.readonly","https://www.googleapis.com/auth/firebase","https://www.googleapis.com/auth/cloud-platform"]
[debug] [2022-01-13T17:25:36.149Z] > authorizing via signed-in user (ggporing93@gmail.com)
[info] 
     ######## #### ########  ######## ########     ###     ######  ########
     ##        ##  ##     ## ##       ##     ##  ##   ##  ##       ##
     ######    ##  ########  ######   ########  #########  ######  ######
     ##        ##  ##    ##  ##       ##     ## ##     ##       ## ##
     ##       #### ##     ## ######## ########  ##     ##  ######  ########

You're about to initialize a Firebase project in this directory:

  C:\проекты\react\small-app

Before we get started, keep in mind:

  * You are currently outside your home directory

[debug] [2022-01-13T17:25:36.637Z] <<< [apiv2][status] GET https://firebase-public.firebaseio.com/cli.json 200
[debug] [2022-01-13T17:25:36.637Z] <<< [apiv2][body] GET https://firebase-public.firebaseio.com/cli.json {"cloudBuildErrorAfter":1594252800000,"cloudBuildWarnAfter":1590019200000,"defaultNode10After":1594252800000,"minVersion":"3.0.5","node8DeploysDisabledAfter":1613390400000,"node8RuntimeDisabledAfter":1615809600000,"node8WarnAfter":1600128000000}
